<?xml version="1.0" encoding="UTF-8"?>
<testsuite name="com.unrc.app.models.TestSuite" time="3.808" tests="25" errors="0" skipped="0" failures="0">
  <properties>
    <property name="java.runtime.name" value="OpenJDK Runtime Environment"/>
    <property name="sun.boot.library.path" value="/usr/lib/jvm/java-7-openjdk-amd64/jre/lib/amd64"/>
    <property name="java.vm.version" value="23.7-b01"/>
    <property name="java.vm.vendor" value="Oracle Corporation"/>
    <property name="java.vendor.url" value="http://java.oracle.com/"/>
    <property name="path.separator" value=":"/>
    <property name="java.vm.name" value="OpenJDK 64-Bit Server VM"/>
    <property name="file.encoding.pkg" value="sun.io"/>
    <property name="user.country" value="AR"/>
    <property name="sun.java.launcher" value="SUN_STANDARD"/>
    <property name="sun.os.patch.level" value="unknown"/>
    <property name="java.vm.specification.name" value="Java Virtual Machine Specification"/>
    <property name="user.dir" value="/home/nico/ProyectoAyDS/Proyecto"/>
    <property name="java.runtime.version" value="1.7.0_21-b02"/>
    <property name="java.awt.graphicsenv" value="sun.awt.X11GraphicsEnvironment"/>
    <property name="java.endorsed.dirs" value="/usr/lib/jvm/java-7-openjdk-amd64/jre/lib/endorsed"/>
    <property name="os.arch" value="amd64"/>
    <property name="java.io.tmpdir" value="/tmp"/>
    <property name="line.separator" value="&#10;"/>
    <property name="java.vm.specification.vendor" value="Oracle Corporation"/>
    <property name="os.name" value="Linux"/>
    <property name="classworlds.conf" value="/usr/share/maven2/bin/m2.conf"/>
    <property name="sun.jnu.encoding" value="UTF-8"/>
    <property name="java.library.path" value="/usr/java/packages/lib/amd64:/usr/lib/jni:/lib:/usr/lib"/>
    <property name="java.specification.name" value="Java Platform API Specification"/>
    <property name="java.class.version" value="51.0"/>
    <property name="sun.management.compiler" value="HotSpot 64-Bit Tiered Compilers"/>
    <property name="os.version" value="3.8.0-21-generic"/>
    <property name="user.home" value="/home/nico"/>
    <property name="user.timezone" value="America/Argentina/Cordoba"/>
    <property name="java.awt.printerjob" value="sun.print.PSPrinterJob"/>
    <property name="file.encoding" value="UTF-8"/>
    <property name="java.specification.version" value="1.7"/>
    <property name="user.name" value="nico"/>
    <property name="java.class.path" value="/usr/share/maven2/boot/classworlds.jar"/>
    <property name="java.vm.specification.version" value="1.7"/>
    <property name="sun.arch.data.model" value="64"/>
    <property name="java.home" value="/usr/lib/jvm/java-7-openjdk-amd64/jre"/>
    <property name="sun.java.command" value="org.codehaus.classworlds.Launcher &quot;clean&quot; &quot;install&quot;"/>
    <property name="java.specification.vendor" value="Oracle Corporation"/>
    <property name="user.language" value="es"/>
    <property name="awt.toolkit" value="sun.awt.X11.XToolkit"/>
    <property name="java.vm.info" value="mixed mode"/>
    <property name="java.version" value="1.7.0_21"/>
    <property name="java.ext.dirs" value="/usr/lib/jvm/java-7-openjdk-amd64/jre/lib/ext:/usr/java/packages/lib/ext"/>
    <property name="securerandom.source" value="file:/dev/./urandom"/>
    <property name="sun.boot.class.path" value="/usr/lib/jvm/java-7-openjdk-amd64/jre/lib/resources.jar:/usr/lib/jvm/java-7-openjdk-amd64/jre/lib/rt.jar:/usr/lib/jvm/java-7-openjdk-amd64/jre/lib/sunrsasign.jar:/usr/lib/jvm/java-7-openjdk-amd64/jre/lib/jsse.jar:/usr/lib/jvm/java-7-openjdk-amd64/jre/lib/jce.jar:/usr/lib/jvm/java-7-openjdk-amd64/jre/lib/charsets.jar:/usr/lib/jvm/java-7-openjdk-amd64/jre/lib/netx.jar:/usr/lib/jvm/java-7-openjdk-amd64/jre/lib/plugin.jar:/usr/lib/jvm/java-7-openjdk-amd64/jre/lib/rhino.jar:/usr/lib/jvm/java-7-openjdk-amd64/jre/lib/jfr.jar:/usr/lib/jvm/java-7-openjdk-amd64/jre/classes"/>
    <property name="java.vendor" value="Oracle Corporation"/>
    <property name="maven.home" value="/usr/share/maven2"/>
    <property name="file.separator" value="/"/>
    <property name="java.vendor.url.bug" value="http://bugreport.sun.com/bugreport/"/>
    <property name="sun.cpu.endian" value="little"/>
    <property name="sun.io.unicode.encoding" value="UnicodeLittle"/>
    <property name="sun.desktop" value="gnome"/>
    <property name="sun.cpu.isalist" value=""/>
  </properties>
  <testcase name="shouldValidateExistOwner" classname="com.unrc.app.models.OwnerSpec" time="1.256"/>
  <testcase name="shouldValidateDelete" classname="com.unrc.app.models.OwnerSpec" time="0.128"/>
  <testcase name="shouldValidateFindByDni" classname="com.unrc.app.models.OwnerSpec" time="0.138"/>
  <testcase name="shouldValidateCreate" classname="com.unrc.app.models.OwnerSpec" time="0.121"/>
  <testcase name="shouldValidateMandatoryFields" classname="com.unrc.app.models.OwnerSpec" time="0.139"/>
  <testcase name="shouldValidateFindByCode" classname="com.unrc.app.models.CitySpec" time="0.076"/>
  <testcase name="shouldValidateExistCity" classname="com.unrc.app.models.CitySpec" time="0.11"/>
  <testcase name="shouldValidateDelete" classname="com.unrc.app.models.CitySpec" time="0.081"/>
  <testcase name="shouldValidateCreate" classname="com.unrc.app.models.CitySpec" time="0.093"/>
  <testcase name="shouldValidateMandatoryFields" classname="com.unrc.app.models.CitySpec" time="0.055"/>
  <testcase name="shouldValidateFindByName" classname="com.unrc.app.models.RealEstateSpec" time="0.144"/>
  <testcase name="shouldValidateExistRealEsate" classname="com.unrc.app.models.RealEstateSpec" time="0.126"/>
  <testcase name="shouldValidateDelete" classname="com.unrc.app.models.RealEstateSpec" time="0.097"/>
  <testcase name="shouldValidateCreate" classname="com.unrc.app.models.RealEstateSpec" time="0.124"/>
  <testcase name="shouldValidateMandatoryFields" classname="com.unrc.app.models.RealEstateSpec" time="0.077"/>
  <testcase name="shouldValidateFindByAddress" classname="com.unrc.app.models.AddressSpec" time="0.095"/>
  <testcase name="shouldValidateExistAddress" classname="com.unrc.app.models.AddressSpec" time="0.081"/>
  <testcase name="shouldValidateDelete" classname="com.unrc.app.models.AddressSpec" time="0.139"/>
  <testcase name="shouldValidateCreate" classname="com.unrc.app.models.AddressSpec" time="0.108"/>
  <testcase name="shouldValidateMandatoryFields" classname="com.unrc.app.models.AddressSpec" time="0.051"/>
  <testcase name="shouldValidateFindByBuilding" classname="com.unrc.app.models.BuildingSpec" time="0.124"/>
  <testcase name="shouldValidateExistBuilding" classname="com.unrc.app.models.BuildingSpec" time="0.115"/>
  <testcase name="shouldValidateDelete" classname="com.unrc.app.models.BuildingSpec" time="0.131"/>
  <testcase name="shouldValidateCreate" classname="com.unrc.app.models.BuildingSpec" time="0.148"/>
  <testcase name="shouldValidateMandatoryFields" classname="com.unrc.app.models.BuildingSpec" time="0.051"/>
</testsuite>